[0.074s] DEBUG:colcon:Command line arguments: ['/usr/bin/colcon', 'list', '-p', '--base-paths', '/home/andrew/balancing_robot/src']
[0.074s] DEBUG:colcon:Parsed command line arguments: Namespace(log_base=None, log_level=None, verb_name='list', build_base='build', ignore_user_meta=False, metas=['./colcon.meta'], base_paths=['/home/andrew/balancing_robot/src'], packages_ignore=None, packages_ignore_regex=None, paths=None, packages_up_to=None, packages_up_to_regex=None, packages_above=None, packages_above_and_dependencies=None, packages_above_depth=None, packages_select_by_dep=None, packages_skip_by_dep=None, packages_skip_up_to=None, packages_select_build_failed=False, packages_skip_build_finished=False, packages_select_test_failures=False, packages_skip_test_passed=False, packages_select=None, packages_skip=None, packages_select_regex=None, packages_skip_regex=None, packages_start=None, packages_end=None, allow_overriding=[], topological_order=False, names_only=False, paths_only=True, topological_graph=False, topological_graph_dot=False, topological_graph_density=False, topological_graph_legend=False, topological_graph_dot_cluster=False, topological_graph_dot_include_skipped=False, verb_parser=<colcon_defaults.argument_parser.defaults.DefaultArgumentsDecorator object at 0x71dbbcf36830>, verb_extension=<colcon_package_information.verb.list.ListVerb object at 0x71dbbcf35810>, main=<bound method ListVerb.main of <colcon_package_information.verb.list.ListVerb object at 0x71dbbcf35810>>)
[0.109s] Level 1:colcon.colcon_core.package_discovery:discover_packages(colcon_meta) check parameters
[0.109s] Level 1:colcon.colcon_core.package_discovery:discover_packages(recursive) check parameters
[0.109s] Level 1:colcon.colcon_core.package_discovery:discover_packages(ignore) check parameters
[0.109s] Level 1:colcon.colcon_core.package_discovery:discover_packages(path) check parameters
[0.109s] Level 1:colcon.colcon_core.package_discovery:discover_packages(recursive) discover
[0.109s] INFO:colcon.colcon_core.package_discovery:Crawling recursively for packages in '/home/andrew/balancing_robot/src'
[0.109s] Level 1:colcon.colcon_core.package_identification:_identify(/home/andrew/balancing_robot/src) by extensions ['ignore', 'ignore_ament_install']
[0.110s] Level 1:colcon.colcon_core.package_identification:_identify(/home/andrew/balancing_robot/src) by extension 'ignore'
[0.110s] Level 1:colcon.colcon_core.package_identification:_identify(/home/andrew/balancing_robot/src) by extension 'ignore_ament_install'
[0.110s] Level 1:colcon.colcon_core.package_identification:_identify(/home/andrew/balancing_robot/src) by extensions ['colcon_pkg']
[0.110s] Level 1:colcon.colcon_core.package_identification:_identify(/home/andrew/balancing_robot/src) by extension 'colcon_pkg'
[0.110s] Level 1:colcon.colcon_core.package_identification:_identify(/home/andrew/balancing_robot/src) by extensions ['colcon_meta']
[0.110s] Level 1:colcon.colcon_core.package_identification:_identify(/home/andrew/balancing_robot/src) by extension 'colcon_meta'
[0.110s] Level 1:colcon.colcon_core.package_identification:_identify(/home/andrew/balancing_robot/src) by extensions ['ros']
[0.110s] Level 1:colcon.colcon_core.package_identification:_identify(/home/andrew/balancing_robot/src) by extension 'ros'
[0.121s] Level 1:colcon.colcon_core.package_identification:_identify(/home/andrew/balancing_robot/src) by extensions ['cmake', 'python']
[0.121s] Level 1:colcon.colcon_core.package_identification:_identify(/home/andrew/balancing_robot/src) by extension 'cmake'
[0.121s] Level 1:colcon.colcon_core.package_identification:_identify(/home/andrew/balancing_robot/src) by extension 'python'
[0.121s] Level 1:colcon.colcon_core.package_identification:_identify(/home/andrew/balancing_robot/src) by extensions ['python_setup_py']
[0.121s] Level 1:colcon.colcon_core.package_identification:_identify(/home/andrew/balancing_robot/src) by extension 'python_setup_py'
[0.121s] Level 1:colcon.colcon_core.package_identification:_identify(/home/andrew/balancing_robot/src/description) by extensions ['ignore', 'ignore_ament_install']
[0.121s] Level 1:colcon.colcon_core.package_identification:_identify(/home/andrew/balancing_robot/src/description) by extension 'ignore'
[0.121s] Level 1:colcon.colcon_core.package_identification:_identify(/home/andrew/balancing_robot/src/description) by extension 'ignore_ament_install'
[0.121s] Level 1:colcon.colcon_core.package_identification:_identify(/home/andrew/balancing_robot/src/description) by extensions ['colcon_pkg']
[0.121s] Level 1:colcon.colcon_core.package_identification:_identify(/home/andrew/balancing_robot/src/description) by extension 'colcon_pkg'
[0.121s] Level 1:colcon.colcon_core.package_identification:_identify(/home/andrew/balancing_robot/src/description) by extensions ['colcon_meta']
[0.121s] Level 1:colcon.colcon_core.package_identification:_identify(/home/andrew/balancing_robot/src/description) by extension 'colcon_meta'
[0.121s] Level 1:colcon.colcon_core.package_identification:_identify(/home/andrew/balancing_robot/src/description) by extensions ['ros']
[0.121s] Level 1:colcon.colcon_core.package_identification:_identify(/home/andrew/balancing_robot/src/description) by extension 'ros'
[0.123s] DEBUG:colcon.colcon_core.package_identification:Package '/home/andrew/balancing_robot/src/description' with type 'ros.ament_cmake' and name 'description'
[0.123s] Level 1:colcon.colcon_core.package_identification:_identify(/home/andrew/balancing_robot/src/log) by extensions ['ignore', 'ignore_ament_install']
[0.123s] Level 1:colcon.colcon_core.package_identification:_identify(/home/andrew/balancing_robot/src/log) by extension 'ignore'
[0.123s] Level 1:colcon.colcon_core.package_identification:_identify(/home/andrew/balancing_robot/src/log) ignored
[0.123s] Level 1:colcon.colcon_core.package_discovery:discover_packages(recursive) using defaults
